2021-12-19 18:49:07 - INFO - "GET / HTTP/1.1" 200 1219
2021-12-19 18:49:07 - INFO - "GET /static/style.css HTTP/1.1" 200 648
2021-12-19 21:16:16 - INFO - "GET /entry HTTP/1.1" 200 2359
2021-12-19 21:20:48 - INFO - "GET /entry/1 HTTP/1.1" 200 786
2021-12-19 21:20:48 - INFO - "GET /entry/2 HTTP/1.1" 200 787
2021-12-19 21:20:48 - INFO - "GET /entry/3 HTTP/1.1" 200 786
2021-12-19 21:20:48 - INFO - "GET /entry HTTP/1.1" 200 2359
2021-12-19 21:30:29 - ERROR - ContainerError in 0 on line 0
2021-12-19 21:30:29 - ERROR - "POST /entry HTTP/1.1" 500 956151
2021-12-19 21:32:21 - ERROR - ContainerError in 0 on line 0
2021-12-19 21:32:21 - ERROR - "POST /entry HTTP/1.1" 500 956281
2021-12-19 21:33:07 - ERROR - ContainerError in 0 on line 0
2021-12-19 21:33:07 - ERROR - "POST /entry HTTP/1.1" 500 956281
2021-12-19 21:34:57 - ERROR - ContainerError in 0 on line 0
2021-12-19 21:34:57 - ERROR - "POST /entry HTTP/1.1" 500 956281
2021-12-19 21:37:16 - ERROR - ContainerError in 0 on line 0
2021-12-19 21:37:16 - ERROR - "POST /entry HTTP/1.1" 500 956151
2021-12-19 21:40:25 - ERROR - ContainerError in 0 on line 0
2021-12-19 21:40:25 - ERROR - "POST /entry HTTP/1.1" 500 956281
2021-12-20 00:15:39 - ERROR - ContainerError in 0 on line 0
2021-12-20 00:15:39 - ERROR - "POST /entry HTTP/1.1" 500 956151
2021-12-20 16:56:50 - INFO - "POST /entry HTTP/1.1" 200 785
2021-12-20 16:56:50 - INFO - "GET /entry HTTP/1.1" 200 3146
2021-12-20 16:56:50 - INFO - "GET /entry/4 HTTP/1.1" 200 787
2021-12-20 16:56:50 - INFO - "PUT /entry/4 HTTP/1.1" 200 787
2021-12-20 16:56:50 - INFO - "GET /entry/4 HTTP/1.1" 200 787
2021-12-20 16:56:50 - INFO - "GET /entry HTTP/1.1" 200 3146
2021-12-20 17:00:41 - INFO - "DELETE /entry/4 HTTP/1.1" 200 787
2021-12-20 17:00:41 - INFO - "GET /entry/4 HTTP/1.1" 200 2
2021-12-20 17:00:41 - INFO - "GET /entry HTTP/1.1" 200 2359
